<?xml version="1.0" encoding="UTF-8"?>
<coverage generated="1764441336257" clover="3.2.0">
  <project timestamp="1764441336257" name="All files">
    <metrics statements="153" coveredstatements="7" conditionals="97" coveredconditionals="6" methods="64" coveredmethods="1" elements="314" coveredelements="14" complexity="0" loc="153" ncloc="153" packages="16" files="21" classes="21"/>
    <package name="src">
      <metrics statements="3" coveredstatements="0" conditionals="0" coveredconditionals="0" methods="2" coveredmethods="0"/>
      <file name="App.jsx" path="C:\Users\suryanarayana.t\Desktop\MyProjects\ReactJs\wexl-website\wexl-platform\src\App.jsx">
        <metrics statements="3" coveredstatements="0" conditionals="0" coveredconditionals="0" methods="2" coveredmethods="0"/>
        <line num="15" count="0" type="stmt"/>
        <line num="17" count="0" type="stmt"/>
        <line num="20" count="0" type="stmt"/>
      </file>
    </package>
    <package name="src.components.Button">
      <metrics statements="6" coveredstatements="6" conditionals="7" coveredconditionals="6" methods="1" coveredmethods="1"/>
      <file name="Button.jsx" path="C:\Users\suryanarayana.t\Desktop\MyProjects\ReactJs\wexl-website\wexl-platform\src\components\Button\Button.jsx">
        <metrics statements="6" coveredstatements="6" conditionals="7" coveredconditionals="6" methods="1" coveredmethods="1"/>
        <line num="11" count="1" type="stmt"/>
        <line num="21" count="5" type="stmt"/>
        <line num="23" count="5" type="stmt"/>
        <line num="30" count="5" type="stmt"/>
        <line num="36" count="5" type="stmt"/>
        <line num="38" count="5" type="stmt"/>
      </file>
    </package>
    <package name="src.components.FeatureCard">
      <metrics statements="2" coveredstatements="0" conditionals="2" coveredconditionals="0" methods="1" coveredmethods="0"/>
      <file name="FeatureCard.jsx" path="C:\Users\suryanarayana.t\Desktop\MyProjects\ReactJs\wexl-website\wexl-platform\src\components\FeatureCard\FeatureCard.jsx">
        <metrics statements="2" coveredstatements="0" conditionals="2" coveredconditionals="0" methods="1" coveredmethods="0"/>
        <line num="11" count="0" type="stmt"/>
        <line num="12" count="0" type="stmt"/>
      </file>
    </package>
    <package name="src.components.Footer">
      <metrics statements="2" coveredstatements="0" conditionals="0" coveredconditionals="0" methods="1" coveredmethods="0"/>
      <file name="Footer.jsx" path="C:\Users\suryanarayana.t\Desktop\MyProjects\ReactJs\wexl-website\wexl-platform\src\components\Footer\Footer.jsx">
        <metrics statements="2" coveredstatements="0" conditionals="0" coveredconditionals="0" methods="1" coveredmethods="0"/>
        <line num="4" count="0" type="stmt"/>
        <line num="5" count="0" type="stmt"/>
      </file>
    </package>
    <package name="src.components.Header">
      <metrics statements="5" coveredstatements="0" conditionals="4" coveredconditionals="0" methods="2" coveredmethods="0"/>
      <file name="Header.jsx" path="C:\Users\suryanarayana.t\Desktop\MyProjects\ReactJs\wexl-website\wexl-platform\src\components\Header\Header.jsx">
        <metrics statements="5" coveredstatements="0" conditionals="4" coveredconditionals="0" methods="2" coveredmethods="0"/>
        <line num="5" count="0" type="stmt"/>
        <line num="6" count="0" type="stmt"/>
        <line num="8" count="0" type="stmt"/>
        <line num="9" count="0" type="stmt"/>
        <line num="12" count="0" type="stmt"/>
      </file>
    </package>
    <package name="src.components.HeroIllustration">
      <metrics statements="2" coveredstatements="0" conditionals="0" coveredconditionals="0" methods="1" coveredmethods="0"/>
      <file name="HeroIllustration.jsx" path="C:\Users\suryanarayana.t\Desktop\MyProjects\ReactJs\wexl-website\wexl-platform\src\components\HeroIllustration\HeroIllustration.jsx">
        <metrics statements="2" coveredstatements="0" conditionals="0" coveredconditionals="0" methods="1" coveredmethods="0"/>
        <line num="3" count="0" type="stmt"/>
        <line num="4" count="0" type="stmt"/>
      </file>
    </package>
    <package name="src.components.LeadForm">
      <metrics statements="19" coveredstatements="0" conditionals="12" coveredconditionals="0" methods="8" coveredmethods="0"/>
      <file name="LeadForm.jsx" path="C:\Users\suryanarayana.t\Desktop\MyProjects\ReactJs\wexl-website\wexl-platform\src\components\LeadForm\LeadForm.jsx">
        <metrics statements="19" coveredstatements="0" conditionals="12" coveredconditionals="0" methods="8" coveredmethods="0"/>
        <line num="9" count="0" type="stmt"/>
        <line num="37" count="0" type="stmt"/>
        <line num="38" count="0" type="stmt"/>
        <line num="39" count="0" type="stmt"/>
        <line num="41" count="0" type="stmt"/>
        <line num="42" count="0" type="cond" truecount="0" falsecount="2"/>
        <line num="43" count="0" type="stmt"/>
        <line num="44" count="0" type="stmt"/>
        <line num="46" count="0" type="stmt"/>
        <line num="50" count="0" type="stmt"/>
        <line num="51" count="0" type="stmt"/>
        <line num="52" count="0" type="stmt"/>
        <line num="53" count="0" type="stmt"/>
        <line num="55" count="0" type="stmt"/>
        <line num="57" count="0" type="stmt"/>
        <line num="61" count="0" type="stmt"/>
        <line num="69" count="0" type="stmt"/>
        <line num="112" count="0" type="stmt"/>
        <line num="249" count="0" type="stmt"/>
      </file>
    </package>
    <package name="src.components.Logo">
      <metrics statements="4" coveredstatements="0" conditionals="4" coveredconditionals="0" methods="1" coveredmethods="0"/>
      <file name="Logo.jsx" path="C:\Users\suryanarayana.t\Desktop\MyProjects\ReactJs\wexl-website\wexl-platform\src\components\Logo\Logo.jsx">
        <metrics statements="4" coveredstatements="0" conditionals="4" coveredconditionals="0" methods="1" coveredmethods="0"/>
        <line num="6" count="0" type="cond" truecount="0" falsecount="2"/>
        <line num="7" count="0" type="stmt"/>
        <line num="13" count="0" type="cond" truecount="0" falsecount="2"/>
        <line num="15" count="0" type="stmt"/>
      </file>
    </package>
    <package name="src.components.ScreenshotCarousel">
      <metrics statements="5" coveredstatements="0" conditionals="10" coveredconditionals="0" methods="2" coveredmethods="0"/>
      <file name="ScreenshotCarousel.jsx" path="C:\Users\suryanarayana.t\Desktop\MyProjects\ReactJs\wexl-website\wexl-platform\src\components\ScreenshotCarousel\ScreenshotCarousel.jsx">
        <metrics statements="5" coveredstatements="0" conditionals="10" coveredconditionals="0" methods="2" coveredmethods="0"/>
        <line num="12" count="0" type="cond" truecount="0" falsecount="2"/>
        <line num="14" count="0" type="stmt"/>
        <line num="22" count="0" type="cond" truecount="0" falsecount="2"/>
        <line num="24" count="0" type="stmt"/>
        <line num="43" count="0" type="stmt"/>
      </file>
    </package>
    <package name="src.config">
      <metrics statements="1" coveredstatements="1" conditionals="0" coveredconditionals="0" methods="0" coveredmethods="0"/>
      <file name="site.config.js" path="C:\Users\suryanarayana.t\Desktop\MyProjects\ReactJs\wexl-website\wexl-platform\src\config\site.config.js">
        <metrics statements="1" coveredstatements="1" conditionals="0" coveredconditionals="0" methods="0" coveredmethods="0"/>
        <line num="6" count="1" type="stmt"/>
      </file>
    </package>
    <package name="src.features.leads">
      <metrics statements="28" coveredstatements="0" conditionals="8" coveredconditionals="0" methods="6" coveredmethods="0"/>
      <file name="leadsSlice.js" path="C:\Users\suryanarayana.t\Desktop\MyProjects\ReactJs\wexl-website\wexl-platform\src\features\leads\leadsSlice.js">
        <metrics statements="28" coveredstatements="0" conditionals="8" coveredconditionals="0" methods="6" coveredmethods="0"/>
        <line num="9" count="0" type="stmt"/>
        <line num="12" count="0" type="stmt"/>
        <line num="13" count="0" type="cond" truecount="0" falsecount="2"/>
        <line num="16" count="0" type="stmt"/>
        <line num="24" count="0" type="stmt"/>
        <line num="26" count="0" type="cond" truecount="0" falsecount="2"/>
        <line num="27" count="0" type="cond" truecount="0" falsecount="2"/>
        <line num="31" count="0" type="stmt"/>
        <line num="32" count="0" type="cond" truecount="0" falsecount="2"/>
        <line num="33" count="0" type="stmt"/>
        <line num="34" count="0" type="stmt"/>
        <line num="36" count="0" type="stmt"/>
        <line num="39" count="0" type="stmt"/>
        <line num="44" count="0" type="stmt"/>
        <line num="49" count="0" type="stmt"/>
        <line num="59" count="0" type="stmt"/>
        <line num="60" count="0" type="stmt"/>
        <line num="61" count="0" type="stmt"/>
        <line num="65" count="0" type="stmt"/>
        <line num="67" count="0" type="stmt"/>
        <line num="68" count="0" type="stmt"/>
        <line num="69" count="0" type="stmt"/>
        <line num="72" count="0" type="stmt"/>
        <line num="73" count="0" type="stmt"/>
        <line num="74" count="0" type="stmt"/>
        <line num="77" count="0" type="stmt"/>
        <line num="78" count="0" type="stmt"/>
        <line num="83" count="0" type="stmt"/>
      </file>
    </package>
    <package name="src.layouts">
      <metrics statements="2" coveredstatements="0" conditionals="0" coveredconditionals="0" methods="1" coveredmethods="0"/>
      <file name="MainLayout.jsx" path="C:\Users\suryanarayana.t\Desktop\MyProjects\ReactJs\wexl-website\wexl-platform\src\layouts\MainLayout.jsx">
        <metrics statements="2" coveredstatements="0" conditionals="0" coveredconditionals="0" methods="1" coveredmethods="0"/>
        <line num="10" count="0" type="stmt"/>
        <line num="11" count="0" type="stmt"/>
      </file>
    </package>
    <package name="src.pages">
      <metrics statements="43" coveredstatements="0" conditionals="18" coveredconditionals="0" methods="30" coveredmethods="0"/>
      <file name="About.jsx" path="C:\Users\suryanarayana.t\Desktop\MyProjects\ReactJs\wexl-website\wexl-platform\src\pages\About.jsx">
        <metrics statements="7" coveredstatements="0" conditionals="0" coveredconditionals="0" methods="5" coveredmethods="0"/>
        <line num="6" count="0" type="stmt"/>
        <line num="7" count="0" type="stmt"/>
        <line num="13" count="0" type="stmt"/>
        <line num="127" count="0" type="stmt"/>
        <line num="164" count="0" type="stmt"/>
        <line num="175" count="0" type="stmt"/>
        <line num="235" count="0" type="stmt"/>
      </file>
      <file name="Contact.jsx" path="C:\Users\suryanarayana.t\Desktop\MyProjects\ReactJs\wexl-website\wexl-platform\src\pages\Contact.jsx">
        <metrics statements="2" coveredstatements="0" conditionals="0" coveredconditionals="0" methods="1" coveredmethods="0"/>
        <line num="4" count="0" type="stmt"/>
        <line num="5" count="0" type="stmt"/>
      </file>
      <file name="Demo.jsx" path="C:\Users\suryanarayana.t\Desktop\MyProjects\ReactJs\wexl-website\wexl-platform\src\pages\Demo.jsx">
        <metrics statements="2" coveredstatements="0" conditionals="0" coveredconditionals="0" methods="1" coveredmethods="0"/>
        <line num="4" count="0" type="stmt"/>
        <line num="5" count="0" type="stmt"/>
      </file>
      <file name="Home.jsx" path="C:\Users\suryanarayana.t\Desktop\MyProjects\ReactJs\wexl-website\wexl-platform\src\pages\Home.jsx">
        <metrics statements="10" coveredstatements="0" conditionals="6" coveredconditionals="0" methods="7" coveredmethods="0"/>
        <line num="7" count="0" type="stmt"/>
        <line num="8" count="0" type="stmt"/>
        <line num="14" count="0" type="stmt"/>
        <line num="22" count="0" type="stmt"/>
        <line num="118" count="0" type="stmt"/>
        <line num="164" count="0" type="stmt"/>
        <line num="188" count="0" type="stmt"/>
        <line num="235" count="0" type="stmt"/>
        <line num="273" count="0" type="stmt"/>
        <line num="284" count="0" type="stmt"/>
      </file>
      <file name="Portfolio.jsx" path="C:\Users\suryanarayana.t\Desktop\MyProjects\ReactJs\wexl-website\wexl-platform\src\pages\Portfolio.jsx">
        <metrics statements="12" coveredstatements="0" conditionals="4" coveredconditionals="0" methods="8" coveredmethods="0"/>
        <line num="7" count="0" type="stmt"/>
        <line num="8" count="0" type="stmt"/>
        <line num="15" count="0" type="stmt"/>
        <line num="124" count="0" type="stmt"/>
        <line num="148" count="0" type="stmt"/>
        <line num="221" count="0" type="stmt"/>
        <line num="262" count="0" type="stmt"/>
        <line num="276" count="0" type="stmt"/>
        <line num="319" count="0" type="stmt"/>
        <line num="339" count="0" type="stmt"/>
        <line num="374" count="0" type="stmt"/>
        <line num="385" count="0" type="stmt"/>
      </file>
      <file name="Services.jsx" path="C:\Users\suryanarayana.t\Desktop\MyProjects\ReactJs\wexl-website\wexl-platform\src\pages\Services.jsx">
        <metrics statements="10" coveredstatements="0" conditionals="8" coveredconditionals="0" methods="8" coveredmethods="0"/>
        <line num="6" count="0" type="stmt"/>
        <line num="7" count="0" type="stmt"/>
        <line num="13" count="0" type="stmt"/>
        <line num="68" count="0" type="stmt"/>
        <line num="97" count="0" type="stmt"/>
        <line num="149" count="0" type="stmt"/>
        <line num="187" count="0" type="stmt"/>
        <line num="200" count="0" type="stmt"/>
        <line num="245" count="0" type="stmt"/>
        <line num="302" count="0" type="stmt"/>
      </file>
    </package>
    <package name="src.services">
      <metrics statements="19" coveredstatements="0" conditionals="30" coveredconditionals="0" methods="3" coveredmethods="0"/>
      <file name="emailService.js" path="C:\Users\suryanarayana.t\Desktop\MyProjects\ReactJs\wexl-website\wexl-platform\src\services\emailService.js">
        <metrics statements="19" coveredstatements="0" conditionals="30" coveredconditionals="0" methods="3" coveredmethods="0"/>
        <line num="7" count="0" type="stmt"/>
        <line num="16" count="0" type="stmt"/>
        <line num="17" count="0" type="cond" truecount="0" falsecount="4"/>
        <line num="18" count="0" type="stmt"/>
        <line num="19" count="0" type="stmt"/>
        <line num="21" count="0" type="stmt"/>
        <line num="30" count="0" type="stmt"/>
        <line num="31" count="0" type="stmt"/>
        <line num="33" count="0" type="cond" truecount="0" falsecount="2"/>
        <line num="34" count="0" type="stmt"/>
        <line num="35" count="0" type="stmt"/>
        <line num="42" count="0" type="stmt"/>
        <line num="59" count="0" type="stmt"/>
        <line num="66" count="0" type="stmt"/>
        <line num="68" count="0" type="stmt"/>
        <line num="75" count="0" type="stmt"/>
        <line num="77" count="0" type="stmt"/>
        <line num="88" count="0" type="stmt"/>
        <line num="89" count="0" type="stmt"/>
      </file>
    </package>
    <package name="src.store">
      <metrics statements="2" coveredstatements="0" conditionals="0" coveredconditionals="0" methods="1" coveredmethods="0"/>
      <file name="store.js" path="C:\Users\suryanarayana.t\Desktop\MyProjects\ReactJs\wexl-website\wexl-platform\src\store\store.js">
        <metrics statements="2" coveredstatements="0" conditionals="0" coveredconditionals="0" methods="1" coveredmethods="0"/>
        <line num="4" count="0" type="stmt"/>
        <line num="9" count="0" type="stmt"/>
      </file>
    </package>
    <package name="src.utils">
      <metrics statements="10" coveredstatements="0" conditionals="2" coveredconditionals="0" methods="4" coveredmethods="0"/>
      <file name="mockApi.js" path="C:\Users\suryanarayana.t\Desktop\MyProjects\ReactJs\wexl-website\wexl-platform\src\utils\mockApi.js">
        <metrics statements="10" coveredstatements="0" conditionals="2" coveredconditionals="0" methods="4" coveredmethods="0"/>
        <line num="6" count="0" type="stmt"/>
        <line num="8" count="0" type="stmt"/>
        <line num="11" count="0" type="stmt"/>
        <line num="13" count="0" type="cond" truecount="0" falsecount="2"/>
        <line num="14" count="0" type="stmt"/>
        <line num="24" count="0" type="stmt"/>
        <line num="32" count="0" type="stmt"/>
        <line num="33" count="0" type="stmt"/>
        <line num="35" count="0" type="stmt"/>
        <line num="37" count="0" type="stmt"/>
      </file>
    </package>
  </project>
</coverage>
