{"C:\\Users\\suryanarayana.t\\Desktop\\MyProjects\\ReactJs\\wexl-website\\wexl-platform\\src\\App.jsx": {"path":"C:\\Users\\suryanarayana.t\\Desktop\\MyProjects\\ReactJs\\wexl-website\\wexl-platform\\src\\App.jsx","statementMap":{"0":{"start":{"line":15,"column":2},"end":{"line":18,"column":9}},"1":{"start":{"line":17,"column":4},"end":{"line":17,"column":18}},"2":{"start":{"line":20,"column":2},"end":{"line":35,"column":4}}},"fnMap":{"0":{"name":"App","decl":{"start":{"line":14,"column":9},"end":{"line":14,"column":12}},"loc":{"start":{"line":14,"column":15},"end":{"line":36,"column":1}},"line":14},"1":{"name":"(anonymous_1)","decl":{"start":{"line":15,"column":12},"end":{"line":15,"column":13}},"loc":{"start":{"line":15,"column":18},"end":{"line":18,"column":3}},"line":15}},"branchMap":{},"s":{"0":0,"1":0,"2":0},"f":{"0":0,"1":0},"b":{}}
,"C:\\Users\\suryanarayana.t\\Desktop\\MyProjects\\ReactJs\\wexl-website\\wexl-platform\\src\\components\\Button\\Button.jsx": {"path":"C:\\Users\\suryanarayana.t\\Desktop\\MyProjects\\ReactJs\\wexl-website\\wexl-platform\\src\\components\\Button\\Button.jsx","statementMap":{"0":{"start":{"line":11,"column":15},"end":{"line":57,"column":1}},"1":{"start":{"line":21,"column":21},"end":{"line":21,"column":158}},"2":{"start":{"line":23,"column":19},"end":{"line":28,"column":3}},"3":{"start":{"line":30,"column":16},"end":{"line":34,"column":3}},"4":{"start":{"line":36,"column":25},"end":{"line":36,"column":72}},"5":{"start":{"line":38,"column":2},"end":{"line":56,"column":4}}},"fnMap":{"0":{"name":"(anonymous_0)","decl":{"start":{"line":11,"column":15},"end":{"line":11,"column":16}},"loc":{"start":{"line":20,"column":6},"end":{"line":57,"column":1}},"line":20}},"branchMap":{"0":{"loc":{"start":{"line":12,"column":2},"end":{"line":12,"column":21}},"type":"default-arg","locations":[{"start":{"line":12,"column":12},"end":{"line":12,"column":21}}],"line":12},"1":{"loc":{"start":{"line":13,"column":2},"end":{"line":13,"column":13}},"type":"default-arg","locations":[{"start":{"line":13,"column":9},"end":{"line":13,"column":13}}],"line":13},"2":{"loc":{"start":{"line":14,"column":2},"end":{"line":14,"column":18}},"type":"default-arg","locations":[{"start":{"line":14,"column":13},"end":{"line":14,"column":18}}],"line":14},"3":{"loc":{"start":{"line":17,"column":2},"end":{"line":17,"column":16}},"type":"default-arg","locations":[{"start":{"line":17,"column":14},"end":{"line":17,"column":16}}],"line":17},"4":{"loc":{"start":{"line":18,"column":2},"end":{"line":18,"column":17}},"type":"default-arg","locations":[{"start":{"line":18,"column":9},"end":{"line":18,"column":17}}],"line":18},"5":{"loc":{"start":{"line":44,"column":8},"end":{"line":44,"column":38}},"type":"cond-expr","locations":[{"start":{"line":44,"column":19},"end":{"line":44,"column":33}},{"start":{"line":44,"column":36},"end":{"line":44,"column":38}}],"line":44}},"s":{"0":1,"1":5,"2":5,"3":5,"4":5,"5":5},"f":{"0":5},"b":{"0":[5],"1":[5],"2":[5],"3":[5],"4":[5],"5":[0,5]},"_coverageSchema":"1a1c01bbd47fc00a2c39e90264f33305004495a9","hash":"a36e0dfea8956de09bfa470cfd7a6251042bddfc"}
,"C:\\Users\\suryanarayana.t\\Desktop\\MyProjects\\ReactJs\\wexl-website\\wexl-platform\\src\\components\\FeatureCard\\FeatureCard.jsx": {"path":"C:\\Users\\suryanarayana.t\\Desktop\\MyProjects\\ReactJs\\wexl-website\\wexl-platform\\src\\components\\FeatureCard\\FeatureCard.jsx","statementMap":{"0":{"start":{"line":11,"column":20},"end":{"line":71,"column":1}},"1":{"start":{"line":12,"column":2},"end":{"line":70,"column":4}}},"fnMap":{"0":{"name":"(anonymous_0)","decl":{"start":{"line":11,"column":20},"end":{"line":11,"column":21}},"loc":{"start":{"line":11,"column":60},"end":{"line":71,"column":1}},"line":11}},"branchMap":{"0":{"loc":{"start":{"line":38,"column":9},"end":{"line":61,"column":9}},"type":"binary-expr","locations":[{"start":{"line":38,"column":9},"end":{"line":38,"column":13}},{"start":{"line":39,"column":10},"end":{"line":60,"column":17}}],"line":38}},"s":{"0":0,"1":0},"f":{"0":0},"b":{"0":[0,0]}}
,"C:\\Users\\suryanarayana.t\\Desktop\\MyProjects\\ReactJs\\wexl-website\\wexl-platform\\src\\components\\Footer\\Footer.jsx": {"path":"C:\\Users\\suryanarayana.t\\Desktop\\MyProjects\\ReactJs\\wexl-website\\wexl-platform\\src\\components\\Footer\\Footer.jsx","statementMap":{"0":{"start":{"line":4,"column":15},"end":{"line":115,"column":1}},"1":{"start":{"line":5,"column":2},"end":{"line":114,"column":4}}},"fnMap":{"0":{"name":"(anonymous_0)","decl":{"start":{"line":4,"column":15},"end":{"line":4,"column":16}},"loc":{"start":{"line":4,"column":21},"end":{"line":115,"column":1}},"line":4}},"branchMap":{},"s":{"0":0,"1":0},"f":{"0":0},"b":{}}
,"C:\\Users\\suryanarayana.t\\Desktop\\MyProjects\\ReactJs\\wexl-website\\wexl-platform\\src\\components\\Header\\Header.jsx": {"path":"C:\\Users\\suryanarayana.t\\Desktop\\MyProjects\\ReactJs\\wexl-website\\wexl-platform\\src\\components\\Header\\Header.jsx","statementMap":{"0":{"start":{"line":5,"column":15},"end":{"line":134,"column":1}},"1":{"start":{"line":6,"column":50},"end":{"line":6,"column":65}},"2":{"start":{"line":8,"column":27},"end":{"line":10,"column":3}},"3":{"start":{"line":9,"column":4},"end":{"line":9,"column":43}},"4":{"start":{"line":12,"column":2},"end":{"line":133,"column":4}}},"fnMap":{"0":{"name":"(anonymous_0)","decl":{"start":{"line":5,"column":15},"end":{"line":5,"column":16}},"loc":{"start":{"line":5,"column":21},"end":{"line":134,"column":1}},"line":5},"1":{"name":"(anonymous_1)","decl":{"start":{"line":8,"column":27},"end":{"line":8,"column":28}},"loc":{"start":{"line":8,"column":33},"end":{"line":10,"column":3}},"line":8}},"branchMap":{"0":{"loc":{"start":{"line":65,"column":15},"end":{"line":79,"column":15}},"type":"cond-expr","locations":[{"start":{"line":66,"column":16},"end":{"line":71,"column":18}},{"start":{"line":73,"column":16},"end":{"line":78,"column":18}}],"line":65},"1":{"loc":{"start":{"line":85,"column":9},"end":{"line":130,"column":9}},"type":"binary-expr","locations":[{"start":{"line":85,"column":9},"end":{"line":85,"column":25}},{"start":{"line":86,"column":10},"end":{"line":129,"column":16}}],"line":85}},"s":{"0":0,"1":0,"2":0,"3":0,"4":0},"f":{"0":0,"1":0},"b":{"0":[0,0],"1":[0,0]}}
,"C:\\Users\\suryanarayana.t\\Desktop\\MyProjects\\ReactJs\\wexl-website\\wexl-platform\\src\\components\\HeroIllustration\\HeroIllustration.jsx": {"path":"C:\\Users\\suryanarayana.t\\Desktop\\MyProjects\\ReactJs\\wexl-website\\wexl-platform\\src\\components\\HeroIllustration\\HeroIllustration.jsx","statementMap":{"0":{"start":{"line":3,"column":25},"end":{"line":122,"column":1}},"1":{"start":{"line":4,"column":2},"end":{"line":121,"column":4}}},"fnMap":{"0":{"name":"(anonymous_0)","decl":{"start":{"line":3,"column":25},"end":{"line":3,"column":26}},"loc":{"start":{"line":3,"column":31},"end":{"line":122,"column":1}},"line":3}},"branchMap":{},"s":{"0":0,"1":0},"f":{"0":0},"b":{}}
,"C:\\Users\\suryanarayana.t\\Desktop\\MyProjects\\ReactJs\\wexl-website\\wexl-platform\\src\\components\\LeadForm\\LeadForm.jsx": {"path":"C:\\Users\\suryanarayana.t\\Desktop\\MyProjects\\ReactJs\\wexl-website\\wexl-platform\\src\\components\\LeadForm\\LeadForm.jsx","statementMap":{"0":{"start":{"line":9,"column":29},"end":{"line":35,"column":2}},"1":{"start":{"line":37,"column":17},"end":{"line":380,"column":1}},"2":{"start":{"line":38,"column":19},"end":{"line":38,"column":32}},"3":{"start":{"line":39,"column":43},"end":{"line":39,"column":78}},"4":{"start":{"line":39,"column":66},"end":{"line":39,"column":77}},"5":{"start":{"line":41,"column":2},"end":{"line":48,"column":32}},"6":{"start":{"line":42,"column":4},"end":{"line":47,"column":5}},"7":{"start":{"line":43,"column":20},"end":{"line":45,"column":14}},"8":{"start":{"line":44,"column":8},"end":{"line":44,"column":38}},"9":{"start":{"line":46,"column":6},"end":{"line":46,"column":39}},"10":{"start":{"line":46,"column":19},"end":{"line":46,"column":38}},"11":{"start":{"line":50,"column":23},"end":{"line":59,"column":3}},"12":{"start":{"line":51,"column":4},"end":{"line":58,"column":5}},"13":{"start":{"line":52,"column":6},"end":{"line":52,"column":50}},"14":{"start":{"line":53,"column":6},"end":{"line":53,"column":18}},"15":{"start":{"line":55,"column":6},"end":{"line":55,"column":51}},"16":{"start":{"line":57,"column":6},"end":{"line":57,"column":27}},"17":{"start":{"line":61,"column":23},"end":{"line":67,"column":3}},"18":{"start":{"line":69,"column":2},"end":{"line":379,"column":4}},"19":{"start":{"line":112,"column":10},"end":{"line":375,"column":17}},"20":{"start":{"line":249,"column":20},"end":{"line":251,"column":29}}},"fnMap":{"0":{"name":"(anonymous_0)","decl":{"start":{"line":37,"column":17},"end":{"line":37,"column":18}},"loc":{"start":{"line":37,"column":23},"end":{"line":380,"column":1}},"line":37},"1":{"name":"(anonymous_1)","decl":{"start":{"line":39,"column":55},"end":{"line":39,"column":56}},"loc":{"start":{"line":39,"column":66},"end":{"line":39,"column":77}},"line":39},"2":{"name":"(anonymous_2)","decl":{"start":{"line":41,"column":12},"end":{"line":41,"column":13}},"loc":{"start":{"line":41,"column":18},"end":{"line":48,"column":3}},"line":41},"3":{"name":"(anonymous_3)","decl":{"start":{"line":43,"column":31},"end":{"line":43,"column":32}},"loc":{"start":{"line":43,"column":37},"end":{"line":45,"column":7}},"line":43},"4":{"name":"(anonymous_4)","decl":{"start":{"line":46,"column":13},"end":{"line":46,"column":14}},"loc":{"start":{"line":46,"column":19},"end":{"line":46,"column":38}},"line":46},"5":{"name":"(anonymous_5)","decl":{"start":{"line":50,"column":23},"end":{"line":50,"column":24}},"loc":{"start":{"line":50,"column":71},"end":{"line":59,"column":3}},"line":50},"6":{"name":"(anonymous_6)","decl":{"start":{"line":111,"column":9},"end":{"line":111,"column":10}},"loc":{"start":{"line":112,"column":10},"end":{"line":375,"column":17}},"line":112},"7":{"name":"(anonymous_7)","decl":{"start":{"line":248,"column":36},"end":{"line":248,"column":37}},"loc":{"start":{"line":249,"column":20},"end":{"line":251,"column":29}},"line":249}},"branchMap":{"0":{"loc":{"start":{"line":42,"column":4},"end":{"line":47,"column":5}},"type":"if","locations":[{"start":{"line":42,"column":4},"end":{"line":47,"column":5}},{"start":{},"end":{}}],"line":42},"1":{"loc":{"start":{"line":78,"column":7},"end":{"line":83,"column":7}},"type":"binary-expr","locations":[{"start":{"line":78,"column":7},"end":{"line":78,"column":20}},{"start":{"line":79,"column":8},"end":{"line":82,"column":14}}],"line":78},"2":{"loc":{"start":{"line":85,"column":7},"end":{"line":90,"column":7}},"type":"binary-expr","locations":[{"start":{"line":85,"column":7},"end":{"line":85,"column":12}},{"start":{"line":86,"column":8},"end":{"line":89,"column":14}}],"line":85},"3":{"loc":{"start":{"line":360,"column":24},"end":{"line":360,"column":60}},"type":"binary-expr","locations":[{"start":{"line":360,"column":24},"end":{"line":360,"column":36}},{"start":{"line":360,"column":40},"end":{"line":360,"column":60}}],"line":360},"4":{"loc":{"start":{"line":363,"column":15},"end":{"line":373,"column":15}},"type":"cond-expr","locations":[{"start":{"line":364,"column":16},"end":{"line":370,"column":23}},{"start":{"line":372,"column":16},"end":{"line":372,"column":32}}],"line":363},"5":{"loc":{"start":{"line":363,"column":15},"end":{"line":363,"column":51}},"type":"binary-expr","locations":[{"start":{"line":363,"column":15},"end":{"line":363,"column":27}},{"start":{"line":363,"column":31},"end":{"line":363,"column":51}}],"line":363}},"s":{"0":0,"1":0,"2":0,"3":0,"4":0,"5":0,"6":0,"7":0,"8":0,"9":0,"10":0,"11":0,"12":0,"13":0,"14":0,"15":0,"16":0,"17":0,"18":0,"19":0,"20":0},"f":{"0":0,"1":0,"2":0,"3":0,"4":0,"5":0,"6":0,"7":0},"b":{"0":[0,0],"1":[0,0],"2":[0,0],"3":[0,0],"4":[0,0],"5":[0,0]}}
,"C:\\Users\\suryanarayana.t\\Desktop\\MyProjects\\ReactJs\\wexl-website\\wexl-platform\\src\\components\\Logo\\Logo.jsx": {"path":"C:\\Users\\suryanarayana.t\\Desktop\\MyProjects\\ReactJs\\wexl-website\\wexl-platform\\src\\components\\Logo\\Logo.jsx","statementMap":{"0":{"start":{"line":6,"column":13},"end":{"line":46,"column":1}},"1":{"start":{"line":7,"column":16},"end":{"line":11,"column":3}},"2":{"start":{"line":13,"column":22},"end":{"line":13,"column":50}},"3":{"start":{"line":15,"column":2},"end":{"line":45,"column":4}}},"fnMap":{"0":{"name":"(anonymous_0)","decl":{"start":{"line":6,"column":13},"end":{"line":6,"column":14}},"loc":{"start":{"line":6,"column":55},"end":{"line":46,"column":1}},"line":6}},"branchMap":{"0":{"loc":{"start":{"line":6,"column":16},"end":{"line":6,"column":32}},"type":"default-arg","locations":[{"start":{"line":6,"column":23},"end":{"line":6,"column":32}}],"line":6},"1":{"loc":{"start":{"line":6,"column":34},"end":{"line":6,"column":48}},"type":"default-arg","locations":[{"start":{"line":6,"column":46},"end":{"line":6,"column":48}}],"line":6},"2":{"loc":{"start":{"line":13,"column":22},"end":{"line":13,"column":50}},"type":"binary-expr","locations":[{"start":{"line":13,"column":22},"end":{"line":13,"column":33}},{"start":{"line":13,"column":37},"end":{"line":13,"column":50}}],"line":13}},"s":{"0":0,"1":0,"2":0,"3":0},"f":{"0":0},"b":{"0":[0],"1":[0],"2":[0,0]}}
,"C:\\Users\\suryanarayana.t\\Desktop\\MyProjects\\ReactJs\\wexl-website\\wexl-platform\\src\\components\\ScreenshotCarousel\\ScreenshotCarousel.jsx": {"path":"C:\\Users\\suryanarayana.t\\Desktop\\MyProjects\\ReactJs\\wexl-website\\wexl-platform\\src\\components\\ScreenshotCarousel\\ScreenshotCarousel.jsx","statementMap":{"0":{"start":{"line":12,"column":27},"end":{"line":100,"column":1}},"1":{"start":{"line":14,"column":29},"end":{"line":20,"column":3}},"2":{"start":{"line":22,"column":17},"end":{"line":22,"column":74}},"3":{"start":{"line":24,"column":2},"end":{"line":99,"column":4}},"4":{"start":{"line":43,"column":10},"end":{"line":67,"column":24}}},"fnMap":{"0":{"name":"(anonymous_0)","decl":{"start":{"line":12,"column":27},"end":{"line":12,"column":28}},"loc":{"start":{"line":12,"column":78},"end":{"line":100,"column":1}},"line":12},"1":{"name":"(anonymous_1)","decl":{"start":{"line":42,"column":20},"end":{"line":42,"column":21}},"loc":{"start":{"line":43,"column":10},"end":{"line":67,"column":24}},"line":43}},"branchMap":{"0":{"loc":{"start":{"line":12,"column":30},"end":{"line":12,"column":46}},"type":"default-arg","locations":[{"start":{"line":12,"column":44},"end":{"line":12,"column":46}}],"line":12},"1":{"loc":{"start":{"line":12,"column":48},"end":{"line":12,"column":71}},"type":"default-arg","locations":[{"start":{"line":12,"column":62},"end":{"line":12,"column":71}}],"line":12},"2":{"loc":{"start":{"line":22,"column":17},"end":{"line":22,"column":74}},"type":"cond-expr","locations":[{"start":{"line":22,"column":42},"end":{"line":22,"column":53}},{"start":{"line":22,"column":56},"end":{"line":22,"column":74}}],"line":22},"3":{"loc":{"start":{"line":48,"column":21},"end":{"line":48,"column":81}},"type":"binary-expr","locations":[{"start":{"line":48,"column":21},"end":{"line":48,"column":37}},{"start":{"line":48,"column":41},"end":{"line":48,"column":81}}],"line":48},"4":{"loc":{"start":{"line":54,"column":15},"end":{"line":65,"column":15}},"type":"binary-expr","locations":[{"start":{"line":54,"column":15},"end":{"line":54,"column":31}},{"start":{"line":55,"column":16},"end":{"line":64,"column":22}}],"line":54},"5":{"loc":{"start":{"line":59,"column":19},"end":{"line":63,"column":19}},"type":"binary-expr","locations":[{"start":{"line":59,"column":19},"end":{"line":59,"column":41}},{"start":{"line":60,"column":20},"end":{"line":62,"column":24}}],"line":59}},"s":{"0":0,"1":0,"2":0,"3":0,"4":0},"f":{"0":0,"1":0},"b":{"0":[0],"1":[0],"2":[0,0],"3":[0,0],"4":[0,0],"5":[0,0]}}
,"C:\\Users\\suryanarayana.t\\Desktop\\MyProjects\\ReactJs\\wexl-website\\wexl-platform\\src\\config\\site.config.js": {"path":"C:\\Users\\suryanarayana.t\\Desktop\\MyProjects\\ReactJs\\wexl-website\\wexl-platform\\src\\config\\site.config.js","statementMap":{"0":{"start":{"line":6,"column":19},"end":{"line":166,"column":1}}},"fnMap":{},"branchMap":{},"s":{"0":1},"f":{},"b":{},"_coverageSchema":"1a1c01bbd47fc00a2c39e90264f33305004495a9","hash":"77ef393db47bc1e467ae3e0b54c6753a15a87e44"}
,"C:\\Users\\suryanarayana.t\\Desktop\\MyProjects\\ReactJs\\wexl-website\\wexl-platform\\src\\features\\leads\\leadsSlice.js": {"path":"C:\\Users\\suryanarayana.t\\Desktop\\MyProjects\\ReactJs\\wexl-website\\wexl-platform\\src\\features\\leads\\leadsSlice.js","statementMap":{"0":{"start":{"line":9,"column":26},"end":{"line":47,"column":1}},"1":{"start":{"line":12,"column":4},"end":{"line":45,"column":5}},"2":{"start":{"line":13,"column":21},"end":{"line":13,"column":85}},"3":{"start":{"line":16,"column":23},"end":{"line":22,"column":8}},"4":{"start":{"line":24,"column":21},"end":{"line":24,"column":42}},"5":{"start":{"line":26,"column":6},"end":{"line":28,"column":7}},"6":{"start":{"line":27,"column":8},"end":{"line":27,"column":67}},"7":{"start":{"line":31,"column":24},"end":{"line":31,"column":42}},"8":{"start":{"line":32,"column":6},"end":{"line":37,"column":7}},"9":{"start":{"line":33,"column":8},"end":{"line":33,"column":52}},"10":{"start":{"line":34,"column":8},"end":{"line":34,"column":52}},"11":{"start":{"line":36,"column":8},"end":{"line":36,"column":75}},"12":{"start":{"line":39,"column":6},"end":{"line":42,"column":8}},"13":{"start":{"line":44,"column":6},"end":{"line":44,"column":44}},"14":{"start":{"line":49,"column":19},"end":{"line":81,"column":2}},"15":{"start":{"line":59,"column":6},"end":{"line":59,"column":34}},"16":{"start":{"line":60,"column":6},"end":{"line":60,"column":25}},"17":{"start":{"line":61,"column":6},"end":{"line":61,"column":28}},"18":{"start":{"line":65,"column":4},"end":{"line":79,"column":9}},"19":{"start":{"line":67,"column":8},"end":{"line":67,"column":33}},"20":{"start":{"line":68,"column":8},"end":{"line":68,"column":36}},"21":{"start":{"line":69,"column":8},"end":{"line":69,"column":27}},"22":{"start":{"line":72,"column":8},"end":{"line":72,"column":35}},"23":{"start":{"line":73,"column":8},"end":{"line":73,"column":35}},"24":{"start":{"line":74,"column":8},"end":{"line":74,"column":41}},"25":{"start":{"line":77,"column":8},"end":{"line":77,"column":32}},"26":{"start":{"line":78,"column":8},"end":{"line":78,"column":37}},"27":{"start":{"line":83,"column":37},"end":{"line":83,"column":55}}},"fnMap":{"0":{"name":"(anonymous_0)","decl":{"start":{"line":11,"column":2},"end":{"line":11,"column":3}},"loc":{"start":{"line":11,"column":43},"end":{"line":46,"column":3}},"line":11},"1":{"name":"(anonymous_1)","decl":{"start":{"line":58,"column":23},"end":{"line":58,"column":24}},"loc":{"start":{"line":58,"column":34},"end":{"line":62,"column":5}},"line":58},"2":{"name":"(anonymous_2)","decl":{"start":{"line":64,"column":17},"end":{"line":64,"column":18}},"loc":{"start":{"line":64,"column":30},"end":{"line":80,"column":3}},"line":64},"3":{"name":"(anonymous_3)","decl":{"start":{"line":66,"column":35},"end":{"line":66,"column":36}},"loc":{"start":{"line":66,"column":46},"end":{"line":70,"column":7}},"line":66},"4":{"name":"(anonymous_4)","decl":{"start":{"line":71,"column":37},"end":{"line":71,"column":38}},"loc":{"start":{"line":71,"column":56},"end":{"line":75,"column":7}},"line":71},"5":{"name":"(anonymous_5)","decl":{"start":{"line":76,"column":36},"end":{"line":76,"column":37}},"loc":{"start":{"line":76,"column":55},"end":{"line":79,"column":7}},"line":76}},"branchMap":{"0":{"loc":{"start":{"line":13,"column":21},"end":{"line":13,"column":85}},"type":"binary-expr","locations":[{"start":{"line":13,"column":21},"end":{"line":13,"column":54}},{"start":{"line":13,"column":58},"end":{"line":13,"column":85}}],"line":13},"1":{"loc":{"start":{"line":26,"column":6},"end":{"line":28,"column":7}},"type":"if","locations":[{"start":{"line":26,"column":6},"end":{"line":28,"column":7}},{"start":{},"end":{}}],"line":26},"2":{"loc":{"start":{"line":27,"column":24},"end":{"line":27,"column":65}},"type":"binary-expr","locations":[{"start":{"line":27,"column":24},"end":{"line":27,"column":38}},{"start":{"line":27,"column":42},"end":{"line":27,"column":65}}],"line":27},"3":{"loc":{"start":{"line":32,"column":6},"end":{"line":37,"column":7}},"type":"if","locations":[{"start":{"line":32,"column":6},"end":{"line":37,"column":7}},{"start":{"line":35,"column":13},"end":{"line":37,"column":7}}],"line":32}},"s":{"0":0,"1":0,"2":0,"3":0,"4":0,"5":0,"6":0,"7":0,"8":0,"9":0,"10":0,"11":0,"12":0,"13":0,"14":0,"15":0,"16":0,"17":0,"18":0,"19":0,"20":0,"21":0,"22":0,"23":0,"24":0,"25":0,"26":0,"27":0},"f":{"0":0,"1":0,"2":0,"3":0,"4":0,"5":0},"b":{"0":[0,0],"1":[0,0],"2":[0,0],"3":[0,0]}}
,"C:\\Users\\suryanarayana.t\\Desktop\\MyProjects\\ReactJs\\wexl-website\\wexl-platform\\src\\layouts\\MainLayout.jsx": {"path":"C:\\Users\\suryanarayana.t\\Desktop\\MyProjects\\ReactJs\\wexl-website\\wexl-platform\\src\\layouts\\MainLayout.jsx","statementMap":{"0":{"start":{"line":10,"column":19},"end":{"line":20,"column":1}},"1":{"start":{"line":11,"column":2},"end":{"line":19,"column":4}}},"fnMap":{"0":{"name":"(anonymous_0)","decl":{"start":{"line":10,"column":19},"end":{"line":10,"column":20}},"loc":{"start":{"line":10,"column":25},"end":{"line":20,"column":1}},"line":10}},"branchMap":{},"s":{"0":0,"1":0},"f":{"0":0},"b":{}}
,"C:\\Users\\suryanarayana.t\\Desktop\\MyProjects\\ReactJs\\wexl-website\\wexl-platform\\src\\pages\\About.jsx": {"path":"C:\\Users\\suryanarayana.t\\Desktop\\MyProjects\\ReactJs\\wexl-website\\wexl-platform\\src\\pages\\About.jsx","statementMap":{"0":{"start":{"line":6,"column":14},"end":{"line":283,"column":1}},"1":{"start":{"line":7,"column":19},"end":{"line":11,"column":3}},"2":{"start":{"line":13,"column":2},"end":{"line":282,"column":4}},"3":{"start":{"line":127,"column":14},"end":{"line":138,"column":27}},"4":{"start":{"line":164,"column":14},"end":{"line":181,"column":27}},"5":{"start":{"line":175,"column":20},"end":{"line":178,"column":25}},"6":{"start":{"line":235,"column":14},"end":{"line":246,"column":27}}},"fnMap":{"0":{"name":"(anonymous_0)","decl":{"start":{"line":6,"column":14},"end":{"line":6,"column":15}},"loc":{"start":{"line":6,"column":20},"end":{"line":283,"column":1}},"line":6},"1":{"name":"(anonymous_1)","decl":{"start":{"line":126,"column":18},"end":{"line":126,"column":19}},"loc":{"start":{"line":127,"column":14},"end":{"line":138,"column":27}},"line":127},"2":{"name":"(anonymous_2)","decl":{"start":{"line":163,"column":57},"end":{"line":163,"column":58}},"loc":{"start":{"line":164,"column":14},"end":{"line":181,"column":27}},"line":164},"3":{"name":"(anonymous_3)","decl":{"start":{"line":174,"column":29},"end":{"line":174,"column":30}},"loc":{"start":{"line":175,"column":20},"end":{"line":178,"column":25}},"line":175},"4":{"name":"(anonymous_4)","decl":{"start":{"line":234,"column":18},"end":{"line":234,"column":19}},"loc":{"start":{"line":235,"column":14},"end":{"line":246,"column":27}},"line":235}},"branchMap":{},"s":{"0":0,"1":0,"2":0,"3":0,"4":0,"5":0,"6":0},"f":{"0":0,"1":0,"2":0,"3":0,"4":0},"b":{}}
,"C:\\Users\\suryanarayana.t\\Desktop\\MyProjects\\ReactJs\\wexl-website\\wexl-platform\\src\\pages\\Contact.jsx": {"path":"C:\\Users\\suryanarayana.t\\Desktop\\MyProjects\\ReactJs\\wexl-website\\wexl-platform\\src\\pages\\Contact.jsx","statementMap":{"0":{"start":{"line":4,"column":16},"end":{"line":99,"column":1}},"1":{"start":{"line":5,"column":2},"end":{"line":98,"column":4}}},"fnMap":{"0":{"name":"(anonymous_0)","decl":{"start":{"line":4,"column":16},"end":{"line":4,"column":17}},"loc":{"start":{"line":4,"column":22},"end":{"line":99,"column":1}},"line":4}},"branchMap":{},"s":{"0":0,"1":0},"f":{"0":0},"b":{}}
,"C:\\Users\\suryanarayana.t\\Desktop\\MyProjects\\ReactJs\\wexl-website\\wexl-platform\\src\\pages\\Demo.jsx": {"path":"C:\\Users\\suryanarayana.t\\Desktop\\MyProjects\\ReactJs\\wexl-website\\wexl-platform\\src\\pages\\Demo.jsx","statementMap":{"0":{"start":{"line":4,"column":13},"end":{"line":102,"column":1}},"1":{"start":{"line":5,"column":2},"end":{"line":101,"column":4}}},"fnMap":{"0":{"name":"(anonymous_0)","decl":{"start":{"line":4,"column":13},"end":{"line":4,"column":14}},"loc":{"start":{"line":4,"column":19},"end":{"line":102,"column":1}},"line":4}},"branchMap":{},"s":{"0":0,"1":0},"f":{"0":0},"b":{}}
,"C:\\Users\\suryanarayana.t\\Desktop\\MyProjects\\ReactJs\\wexl-website\\wexl-platform\\src\\pages\\Home.jsx": {"path":"C:\\Users\\suryanarayana.t\\Desktop\\MyProjects\\ReactJs\\wexl-website\\wexl-platform\\src\\pages\\Home.jsx","statementMap":{"0":{"start":{"line":7,"column":16},"end":{"line":327,"column":1}},"1":{"start":{"line":8,"column":19},"end":{"line":12,"column":3}},"2":{"start":{"line":14,"column":27},"end":{"line":20,"column":3}},"3":{"start":{"line":22,"column":2},"end":{"line":326,"column":4}},"4":{"start":{"line":118,"column":14},"end":{"line":135,"column":27}},"5":{"start":{"line":164,"column":14},"end":{"line":209,"column":27}},"6":{"start":{"line":188,"column":20},"end":{"line":193,"column":25}},"7":{"start":{"line":235,"column":14},"end":{"line":247,"column":27}},"8":{"start":{"line":273,"column":14},"end":{"line":290,"column":27}},"9":{"start":{"line":284,"column":20},"end":{"line":287,"column":25}}},"fnMap":{"0":{"name":"(anonymous_0)","decl":{"start":{"line":7,"column":16},"end":{"line":7,"column":17}},"loc":{"start":{"line":7,"column":22},"end":{"line":327,"column":1}},"line":7},"1":{"name":"(anonymous_1)","decl":{"start":{"line":117,"column":50},"end":{"line":117,"column":51}},"loc":{"start":{"line":118,"column":14},"end":{"line":135,"column":27}},"line":118},"2":{"name":"(anonymous_2)","decl":{"start":{"line":163,"column":46},"end":{"line":163,"column":47}},"loc":{"start":{"line":164,"column":14},"end":{"line":209,"column":27}},"line":164},"3":{"name":"(anonymous_3)","decl":{"start":{"line":187,"column":36},"end":{"line":187,"column":37}},"loc":{"start":{"line":188,"column":20},"end":{"line":193,"column":25}},"line":188},"4":{"name":"(anonymous_4)","decl":{"start":{"line":234,"column":37},"end":{"line":234,"column":38}},"loc":{"start":{"line":235,"column":14},"end":{"line":247,"column":27}},"line":235},"5":{"name":"(anonymous_5)","decl":{"start":{"line":272,"column":57},"end":{"line":272,"column":58}},"loc":{"start":{"line":273,"column":14},"end":{"line":290,"column":27}},"line":273},"6":{"name":"(anonymous_6)","decl":{"start":{"line":283,"column":29},"end":{"line":283,"column":30}},"loc":{"start":{"line":284,"column":20},"end":{"line":287,"column":25}},"line":284}},"branchMap":{"0":{"loc":{"start":{"line":170,"column":74},"end":{"line":170,"column":161}},"type":"cond-expr","locations":[{"start":{"line":170,"column":88},"end":{"line":170,"column":132}},{"start":{"line":170,"column":135},"end":{"line":170,"column":161}}],"line":170},"1":{"loc":{"start":{"line":172,"column":17},"end":{"line":178,"column":17}},"type":"binary-expr","locations":[{"start":{"line":172,"column":17},"end":{"line":172,"column":28}},{"start":{"line":173,"column":18},"end":{"line":177,"column":24}}],"line":172},"2":{"loc":{"start":{"line":203,"column":29},"end":{"line":203,"column":64}},"type":"cond-expr","locations":[{"start":{"line":203,"column":43},"end":{"line":203,"column":52}},{"start":{"line":203,"column":55},"end":{"line":203,"column":64}}],"line":203}},"s":{"0":0,"1":0,"2":0,"3":0,"4":0,"5":0,"6":0,"7":0,"8":0,"9":0},"f":{"0":0,"1":0,"2":0,"3":0,"4":0,"5":0,"6":0},"b":{"0":[0,0],"1":[0,0],"2":[0,0]}}
,"C:\\Users\\suryanarayana.t\\Desktop\\MyProjects\\ReactJs\\wexl-website\\wexl-platform\\src\\pages\\Portfolio.jsx": {"path":"C:\\Users\\suryanarayana.t\\Desktop\\MyProjects\\ReactJs\\wexl-website\\wexl-platform\\src\\pages\\Portfolio.jsx","statementMap":{"0":{"start":{"line":7,"column":18},"end":{"line":428,"column":1}},"1":{"start":{"line":8,"column":19},"end":{"line":12,"column":3}},"2":{"start":{"line":15,"column":19},"end":{"line":122,"column":3}},"3":{"start":{"line":124,"column":23},"end":{"line":146,"column":3}},"4":{"start":{"line":148,"column":2},"end":{"line":427,"column":4}},"5":{"start":{"line":221,"column":14},"end":{"line":293,"column":27}},"6":{"start":{"line":262,"column":26},"end":{"line":267,"column":31}},"7":{"start":{"line":276,"column":26},"end":{"line":278,"column":33}},"8":{"start":{"line":319,"column":14},"end":{"line":348,"column":27}},"9":{"start":{"line":339,"column":20},"end":{"line":341,"column":26}},"10":{"start":{"line":374,"column":14},"end":{"line":391,"column":27}},"11":{"start":{"line":385,"column":20},"end":{"line":388,"column":25}}},"fnMap":{"0":{"name":"(anonymous_0)","decl":{"start":{"line":7,"column":18},"end":{"line":7,"column":19}},"loc":{"start":{"line":7,"column":24},"end":{"line":428,"column":1}},"line":7},"1":{"name":"(anonymous_1)","decl":{"start":{"line":220,"column":26},"end":{"line":220,"column":27}},"loc":{"start":{"line":221,"column":14},"end":{"line":293,"column":27}},"line":221},"2":{"name":"(anonymous_2)","decl":{"start":{"line":261,"column":46},"end":{"line":261,"column":47}},"loc":{"start":{"line":262,"column":26},"end":{"line":267,"column":31}},"line":262},"3":{"name":"(anonymous_3)","decl":{"start":{"line":275,"column":50},"end":{"line":275,"column":51}},"loc":{"start":{"line":276,"column":26},"end":{"line":278,"column":33}},"line":276},"4":{"name":"(anonymous_4)","decl":{"start":{"line":318,"column":30},"end":{"line":318,"column":31}},"loc":{"start":{"line":319,"column":14},"end":{"line":348,"column":27}},"line":319},"5":{"name":"(anonymous_5)","decl":{"start":{"line":338,"column":54},"end":{"line":338,"column":55}},"loc":{"start":{"line":339,"column":20},"end":{"line":341,"column":26}},"line":339},"6":{"name":"(anonymous_6)","decl":{"start":{"line":373,"column":57},"end":{"line":373,"column":58}},"loc":{"start":{"line":374,"column":14},"end":{"line":391,"column":27}},"line":374},"7":{"name":"(anonymous_7)","decl":{"start":{"line":384,"column":29},"end":{"line":384,"column":30}},"loc":{"start":{"line":385,"column":20},"end":{"line":388,"column":25}},"line":385}},"branchMap":{"0":{"loc":{"start":{"line":230,"column":18},"end":{"line":230,"column":73}},"type":"cond-expr","locations":[{"start":{"line":230,"column":36},"end":{"line":230,"column":49}},{"start":{"line":230,"column":52},"end":{"line":230,"column":73}}],"line":230},"1":{"loc":{"start":{"line":236,"column":37},"end":{"line":236,"column":62}},"type":"binary-expr","locations":[{"start":{"line":236,"column":37},"end":{"line":236,"column":56}},{"start":{"line":236,"column":60},"end":{"line":236,"column":62}}],"line":236}},"s":{"0":0,"1":0,"2":0,"3":0,"4":0,"5":0,"6":0,"7":0,"8":0,"9":0,"10":0,"11":0},"f":{"0":0,"1":0,"2":0,"3":0,"4":0,"5":0,"6":0,"7":0},"b":{"0":[0,0],"1":[0,0]}}
,"C:\\Users\\suryanarayana.t\\Desktop\\MyProjects\\ReactJs\\wexl-website\\wexl-platform\\src\\pages\\Services.jsx": {"path":"C:\\Users\\suryanarayana.t\\Desktop\\MyProjects\\ReactJs\\wexl-website\\wexl-platform\\src\\pages\\Services.jsx","statementMap":{"0":{"start":{"line":6,"column":17},"end":{"line":349,"column":1}},"1":{"start":{"line":7,"column":19},"end":{"line":11,"column":3}},"2":{"start":{"line":13,"column":2},"end":{"line":348,"column":4}},"3":{"start":{"line":68,"column":14},"end":{"line":123,"column":27}},"4":{"start":{"line":97,"column":24},"end":{"line":102,"column":29}},"5":{"start":{"line":149,"column":14},"end":{"line":161,"column":27}},"6":{"start":{"line":187,"column":14},"end":{"line":214,"column":27}},"7":{"start":{"line":200,"column":20},"end":{"line":205,"column":25}},"8":{"start":{"line":245,"column":14},"end":{"line":258,"column":27}},"9":{"start":{"line":302,"column":14},"end":{"line":312,"column":27}}},"fnMap":{"0":{"name":"(anonymous_0)","decl":{"start":{"line":6,"column":17},"end":{"line":6,"column":18}},"loc":{"start":{"line":6,"column":23},"end":{"line":349,"column":1}},"line":6},"1":{"name":"(anonymous_1)","decl":{"start":{"line":67,"column":46},"end":{"line":67,"column":47}},"loc":{"start":{"line":68,"column":14},"end":{"line":123,"column":27}},"line":68},"2":{"name":"(anonymous_2)","decl":{"start":{"line":96,"column":40},"end":{"line":96,"column":41}},"loc":{"start":{"line":97,"column":24},"end":{"line":102,"column":29}},"line":97},"3":{"name":"(anonymous_3)","decl":{"start":{"line":148,"column":44},"end":{"line":148,"column":45}},"loc":{"start":{"line":149,"column":14},"end":{"line":161,"column":27}},"line":149},"4":{"name":"(anonymous_4)","decl":{"start":{"line":186,"column":65},"end":{"line":186,"column":66}},"loc":{"start":{"line":187,"column":14},"end":{"line":214,"column":27}},"line":187},"5":{"name":"(anonymous_5)","decl":{"start":{"line":199,"column":37},"end":{"line":199,"column":38}},"loc":{"start":{"line":200,"column":20},"end":{"line":205,"column":25}},"line":200},"6":{"name":"(anonymous_6)","decl":{"start":{"line":244,"column":18},"end":{"line":244,"column":19}},"loc":{"start":{"line":245,"column":14},"end":{"line":258,"column":27}},"line":245},"7":{"name":"(anonymous_7)","decl":{"start":{"line":301,"column":18},"end":{"line":301,"column":19}},"loc":{"start":{"line":302,"column":14},"end":{"line":312,"column":27}},"line":302}},"branchMap":{"0":{"loc":{"start":{"line":75,"column":18},"end":{"line":75,"column":113}},"type":"cond-expr","locations":[{"start":{"line":75,"column":32},"end":{"line":75,"column":84}},{"start":{"line":75,"column":87},"end":{"line":75,"column":113}}],"line":75},"1":{"loc":{"start":{"line":78,"column":17},"end":{"line":82,"column":17}},"type":"binary-expr","locations":[{"start":{"line":78,"column":17},"end":{"line":78,"column":28}},{"start":{"line":79,"column":18},"end":{"line":81,"column":24}}],"line":78},"2":{"loc":{"start":{"line":84,"column":39},"end":{"line":84,"column":65}},"type":"cond-expr","locations":[{"start":{"line":84,"column":53},"end":{"line":84,"column":60}},{"start":{"line":84,"column":63},"end":{"line":84,"column":65}}],"line":84},"3":{"loc":{"start":{"line":115,"column":31},"end":{"line":115,"column":66}},"type":"cond-expr","locations":[{"start":{"line":115,"column":45},"end":{"line":115,"column":54}},{"start":{"line":115,"column":57},"end":{"line":115,"column":66}}],"line":115}},"s":{"0":0,"1":0,"2":0,"3":0,"4":0,"5":0,"6":0,"7":0,"8":0,"9":0},"f":{"0":0,"1":0,"2":0,"3":0,"4":0,"5":0,"6":0,"7":0},"b":{"0":[0,0],"1":[0,0],"2":[0,0],"3":[0,0]}}
,"C:\\Users\\suryanarayana.t\\Desktop\\MyProjects\\ReactJs\\wexl-website\\wexl-platform\\src\\services\\emailService.js": {"path":"C:\\Users\\suryanarayana.t\\Desktop\\MyProjects\\ReactJs\\wexl-website\\wexl-platform\\src\\services\\emailService.js","statementMap":{"0":{"start":{"line":7,"column":23},"end":{"line":11,"column":1}},"1":{"start":{"line":16,"column":27},"end":{"line":23,"column":1}},"2":{"start":{"line":17,"column":2},"end":{"line":22,"column":3}},"3":{"start":{"line":18,"column":4},"end":{"line":18,"column":43}},"4":{"start":{"line":19,"column":4},"end":{"line":19,"column":41}},"5":{"start":{"line":21,"column":4},"end":{"line":21,"column":71}},"6":{"start":{"line":30,"column":29},"end":{"line":83,"column":1}},"7":{"start":{"line":31,"column":2},"end":{"line":82,"column":3}},"8":{"start":{"line":33,"column":4},"end":{"line":39,"column":5}},"9":{"start":{"line":34,"column":6},"end":{"line":34,"column":65}},"10":{"start":{"line":35,"column":6},"end":{"line":38,"column":8}},"11":{"start":{"line":42,"column":27},"end":{"line":56,"column":5}},"12":{"start":{"line":59,"column":21},"end":{"line":64,"column":5}},"13":{"start":{"line":66,"column":4},"end":{"line":66,"column":56}},"14":{"start":{"line":68,"column":4},"end":{"line":72,"column":6}},"15":{"start":{"line":75,"column":4},"end":{"line":75,"column":52}},"16":{"start":{"line":77,"column":4},"end":{"line":81,"column":6}},"17":{"start":{"line":88,"column":33},"end":{"line":94,"column":1}},"18":{"start":{"line":89,"column":2},"end":{"line":93,"column":4}}},"fnMap":{"0":{"name":"(anonymous_0)","decl":{"start":{"line":16,"column":27},"end":{"line":16,"column":28}},"loc":{"start":{"line":16,"column":33},"end":{"line":23,"column":1}},"line":16},"1":{"name":"(anonymous_1)","decl":{"start":{"line":30,"column":29},"end":{"line":30,"column":30}},"loc":{"start":{"line":30,"column":49},"end":{"line":83,"column":1}},"line":30},"2":{"name":"(anonymous_2)","decl":{"start":{"line":88,"column":33},"end":{"line":88,"column":34}},"loc":{"start":{"line":88,"column":39},"end":{"line":94,"column":1}},"line":88}},"branchMap":{"0":{"loc":{"start":{"line":8,"column":13},"end":{"line":8,"column":73}},"type":"binary-expr","locations":[{"start":{"line":8,"column":13},"end":{"line":8,"column":52}},{"start":{"line":8,"column":56},"end":{"line":8,"column":73}}],"line":8},"1":{"loc":{"start":{"line":9,"column":14},"end":{"line":9,"column":76}},"type":"binary-expr","locations":[{"start":{"line":9,"column":14},"end":{"line":9,"column":54}},{"start":{"line":9,"column":58},"end":{"line":9,"column":76}}],"line":9},"2":{"loc":{"start":{"line":10,"column":13},"end":{"line":10,"column":73}},"type":"binary-expr","locations":[{"start":{"line":10,"column":13},"end":{"line":10,"column":52}},{"start":{"line":10,"column":56},"end":{"line":10,"column":73}}],"line":10},"3":{"loc":{"start":{"line":17,"column":2},"end":{"line":22,"column":3}},"type":"if","locations":[{"start":{"line":17,"column":2},"end":{"line":22,"column":3}},{"start":{"line":20,"column":9},"end":{"line":22,"column":3}}],"line":17},"4":{"loc":{"start":{"line":17,"column":6},"end":{"line":17,"column":80}},"type":"binary-expr","locations":[{"start":{"line":17,"column":6},"end":{"line":17,"column":30}},{"start":{"line":17,"column":34},"end":{"line":17,"column":80}}],"line":17},"5":{"loc":{"start":{"line":33,"column":4},"end":{"line":39,"column":5}},"type":"if","locations":[{"start":{"line":33,"column":4},"end":{"line":39,"column":5}},{"start":{},"end":{}}],"line":33},"6":{"loc":{"start":{"line":49,"column":12},"end":{"line":49,"column":44}},"type":"binary-expr","locations":[{"start":{"line":49,"column":12},"end":{"line":49,"column":25}},{"start":{"line":49,"column":29},"end":{"line":49,"column":44}}],"line":49},"7":{"loc":{"start":{"line":50,"column":13},"end":{"line":50,"column":46}},"type":"binary-expr","locations":[{"start":{"line":50,"column":13},"end":{"line":50,"column":27}},{"start":{"line":50,"column":31},"end":{"line":50,"column":46}}],"line":50},"8":{"loc":{"start":{"line":51,"column":26},"end":{"line":51,"column":70}},"type":"binary-expr","locations":[{"start":{"line":51,"column":26},"end":{"line":51,"column":51}},{"start":{"line":51,"column":55},"end":{"line":51,"column":70}}],"line":51},"9":{"loc":{"start":{"line":52,"column":24},"end":{"line":52,"column":78}},"type":"binary-expr","locations":[{"start":{"line":52,"column":24},"end":{"line":52,"column":59}},{"start":{"line":52,"column":63},"end":{"line":52,"column":78}}],"line":52},"10":{"loc":{"start":{"line":53,"column":21},"end":{"line":53,"column":60}},"type":"binary-expr","locations":[{"start":{"line":53,"column":21},"end":{"line":53,"column":41}},{"start":{"line":53,"column":45},"end":{"line":53,"column":60}}],"line":53},"11":{"loc":{"start":{"line":54,"column":15},"end":{"line":54,"column":58}},"type":"binary-expr","locations":[{"start":{"line":54,"column":15},"end":{"line":54,"column":31}},{"start":{"line":54,"column":35},"end":{"line":54,"column":58}}],"line":54},"12":{"loc":{"start":{"line":79,"column":15},"end":{"line":79,"column":68}},"type":"binary-expr","locations":[{"start":{"line":79,"column":15},"end":{"line":79,"column":25}},{"start":{"line":79,"column":29},"end":{"line":79,"column":42}},{"start":{"line":79,"column":46},"end":{"line":79,"column":68}}],"line":79},"13":{"loc":{"start":{"line":90,"column":4},"end":{"line":92,"column":50}},"type":"binary-expr","locations":[{"start":{"line":90,"column":4},"end":{"line":90,"column":50}},{"start":{"line":91,"column":4},"end":{"line":91,"column":52}},{"start":{"line":92,"column":4},"end":{"line":92,"column":50}}],"line":90}},"s":{"0":0,"1":0,"2":0,"3":0,"4":0,"5":0,"6":0,"7":0,"8":0,"9":0,"10":0,"11":0,"12":0,"13":0,"14":0,"15":0,"16":0,"17":0,"18":0},"f":{"0":0,"1":0,"2":0},"b":{"0":[0,0],"1":[0,0],"2":[0,0],"3":[0,0],"4":[0,0],"5":[0,0],"6":[0,0],"7":[0,0],"8":[0,0],"9":[0,0],"10":[0,0],"11":[0,0],"12":[0,0,0],"13":[0,0,0]}}
,"C:\\Users\\suryanarayana.t\\Desktop\\MyProjects\\ReactJs\\wexl-website\\wexl-platform\\src\\store\\store.js": {"path":"C:\\Users\\suryanarayana.t\\Desktop\\MyProjects\\ReactJs\\wexl-website\\wexl-platform\\src\\store\\store.js","statementMap":{"0":{"start":{"line":4,"column":21},"end":{"line":12,"column":2}},"1":{"start":{"line":9,"column":4},"end":{"line":11,"column":6}}},"fnMap":{"0":{"name":"(anonymous_0)","decl":{"start":{"line":8,"column":14},"end":{"line":8,"column":15}},"loc":{"start":{"line":9,"column":4},"end":{"line":11,"column":6}},"line":9}},"branchMap":{},"s":{"0":0,"1":0},"f":{"0":0},"b":{}}
,"C:\\Users\\suryanarayana.t\\Desktop\\MyProjects\\ReactJs\\wexl-website\\wexl-platform\\src\\utils\\mockApi.js": {"path":"C:\\Users\\suryanarayana.t\\Desktop\\MyProjects\\ReactJs\\wexl-website\\wexl-platform\\src\\utils\\mockApi.js","statementMap":{"0":{"start":{"line":6,"column":30},"end":{"line":26,"column":1}},"1":{"start":{"line":8,"column":2},"end":{"line":8,"column":60}},"2":{"start":{"line":8,"column":33},"end":{"line":8,"column":58}},"3":{"start":{"line":11,"column":20},"end":{"line":11,"column":39}},"4":{"start":{"line":13,"column":2},"end":{"line":25,"column":3}},"5":{"start":{"line":14,"column":4},"end":{"line":22,"column":6}},"6":{"start":{"line":24,"column":4},"end":{"line":24,"column":64}},"7":{"start":{"line":32,"column":29},"end":{"line":41,"column":1}},"8":{"start":{"line":33,"column":2},"end":{"line":33,"column":60}},"9":{"start":{"line":33,"column":33},"end":{"line":33,"column":58}},"10":{"start":{"line":35,"column":2},"end":{"line":35,"column":40}},"11":{"start":{"line":37,"column":2},"end":{"line":40,"column":4}}},"fnMap":{"0":{"name":"(anonymous_0)","decl":{"start":{"line":6,"column":30},"end":{"line":6,"column":31}},"loc":{"start":{"line":6,"column":50},"end":{"line":26,"column":1}},"line":6},"1":{"name":"(anonymous_1)","decl":{"start":{"line":8,"column":20},"end":{"line":8,"column":21}},"loc":{"start":{"line":8,"column":33},"end":{"line":8,"column":58}},"line":8},"2":{"name":"(anonymous_2)","decl":{"start":{"line":32,"column":29},"end":{"line":32,"column":30}},"loc":{"start":{"line":32,"column":50},"end":{"line":41,"column":1}},"line":32},"3":{"name":"(anonymous_3)","decl":{"start":{"line":33,"column":20},"end":{"line":33,"column":21}},"loc":{"start":{"line":33,"column":33},"end":{"line":33,"column":58}},"line":33}},"branchMap":{"0":{"loc":{"start":{"line":13,"column":2},"end":{"line":25,"column":3}},"type":"if","locations":[{"start":{"line":13,"column":2},"end":{"line":25,"column":3}},{"start":{"line":23,"column":9},"end":{"line":25,"column":3}}],"line":13}},"s":{"0":0,"1":0,"2":0,"3":0,"4":0,"5":0,"6":0,"7":0,"8":0,"9":0,"10":0,"11":0},"f":{"0":0,"1":0,"2":0,"3":0},"b":{"0":[0,0]}}
}
