TN:
SF:src\App.jsx
FN:14,App
FN:15,(anonymous_1)
FNF:2
FNH:0
FNDA:0,App
FNDA:0,(anonymous_1)
DA:15,0
DA:17,0
DA:20,0
LF:3
LH:0
BRF:0
BRH:0
end_of_record
TN:
SF:src\components\Button\Button.jsx
FN:11,(anonymous_0)
FNF:1
FNH:1
FNDA:5,(anonymous_0)
DA:11,1
DA:21,5
DA:23,5
DA:30,5
DA:36,5
DA:38,5
LF:6
LH:6
BRDA:12,0,0,5
BRDA:13,1,0,5
BRDA:14,2,0,5
BRDA:17,3,0,5
BRDA:18,4,0,5
BRDA:44,5,0,0
BRDA:44,5,1,5
BRF:7
BRH:6
end_of_record
TN:
SF:src\components\FeatureCard\FeatureCard.jsx
FN:11,(anonymous_0)
FNF:1
FNH:0
FNDA:0,(anonymous_0)
DA:11,0
DA:12,0
LF:2
LH:0
BRDA:38,0,0,0
BRDA:38,0,1,0
BRF:2
BRH:0
end_of_record
TN:
SF:src\components\Footer\Footer.jsx
FN:4,(anonymous_0)
FNF:1
FNH:0
FNDA:0,(anonymous_0)
DA:4,0
DA:5,0
LF:2
LH:0
BRF:0
BRH:0
end_of_record
TN:
SF:src\components\Header\Header.jsx
FN:5,(anonymous_0)
FN:8,(anonymous_1)
FNF:2
FNH:0
FNDA:0,(anonymous_0)
FNDA:0,(anonymous_1)
DA:5,0
DA:6,0
DA:8,0
DA:9,0
DA:12,0
LF:5
LH:0
BRDA:65,0,0,0
BRDA:65,0,1,0
BRDA:85,1,0,0
BRDA:85,1,1,0
BRF:4
BRH:0
end_of_record
TN:
SF:src\components\HeroIllustration\HeroIllustration.jsx
FN:3,(anonymous_0)
FNF:1
FNH:0
FNDA:0,(anonymous_0)
DA:3,0
DA:4,0
LF:2
LH:0
BRF:0
BRH:0
end_of_record
TN:
SF:src\components\LeadForm\LeadForm.jsx
FN:37,(anonymous_0)
FN:39,(anonymous_1)
FN:41,(anonymous_2)
FN:43,(anonymous_3)
FN:46,(anonymous_4)
FN:50,(anonymous_5)
FN:111,(anonymous_6)
FN:248,(anonymous_7)
FNF:8
FNH:0
FNDA:0,(anonymous_0)
FNDA:0,(anonymous_1)
FNDA:0,(anonymous_2)
FNDA:0,(anonymous_3)
FNDA:0,(anonymous_4)
FNDA:0,(anonymous_5)
FNDA:0,(anonymous_6)
FNDA:0,(anonymous_7)
DA:9,0
DA:37,0
DA:38,0
DA:39,0
DA:41,0
DA:42,0
DA:43,0
DA:44,0
DA:46,0
DA:50,0
DA:51,0
DA:52,0
DA:53,0
DA:55,0
DA:57,0
DA:61,0
DA:69,0
DA:112,0
DA:249,0
LF:19
LH:0
BRDA:42,0,0,0
BRDA:42,0,1,0
BRDA:78,1,0,0
BRDA:78,1,1,0
BRDA:85,2,0,0
BRDA:85,2,1,0
BRDA:360,3,0,0
BRDA:360,3,1,0
BRDA:363,4,0,0
BRDA:363,4,1,0
BRDA:363,5,0,0
BRDA:363,5,1,0
BRF:12
BRH:0
end_of_record
TN:
SF:src\components\Logo\Logo.jsx
FN:6,(anonymous_0)
FNF:1
FNH:0
FNDA:0,(anonymous_0)
DA:6,0
DA:7,0
DA:13,0
DA:15,0
LF:4
LH:0
BRDA:6,0,0,0
BRDA:6,1,0,0
BRDA:13,2,0,0
BRDA:13,2,1,0
BRF:4
BRH:0
end_of_record
TN:
SF:src\components\ScreenshotCarousel\ScreenshotCarousel.jsx
FN:12,(anonymous_0)
FN:42,(anonymous_1)
FNF:2
FNH:0
FNDA:0,(anonymous_0)
FNDA:0,(anonymous_1)
DA:12,0
DA:14,0
DA:22,0
DA:24,0
DA:43,0
LF:5
LH:0
BRDA:12,0,0,0
BRDA:12,1,0,0
BRDA:22,2,0,0
BRDA:22,2,1,0
BRDA:48,3,0,0
BRDA:48,3,1,0
BRDA:54,4,0,0
BRDA:54,4,1,0
BRDA:59,5,0,0
BRDA:59,5,1,0
BRF:10
BRH:0
end_of_record
TN:
SF:src\config\site.config.js
FNF:0
FNH:0
DA:6,1
LF:1
LH:1
BRF:0
BRH:0
end_of_record
TN:
SF:src\features\leads\leadsSlice.js
FN:11,(anonymous_0)
FN:58,(anonymous_1)
FN:64,(anonymous_2)
FN:66,(anonymous_3)
FN:71,(anonymous_4)
FN:76,(anonymous_5)
FNF:6
FNH:0
FNDA:0,(anonymous_0)
FNDA:0,(anonymous_1)
FNDA:0,(anonymous_2)
FNDA:0,(anonymous_3)
FNDA:0,(anonymous_4)
FNDA:0,(anonymous_5)
DA:9,0
DA:12,0
DA:13,0
DA:16,0
DA:24,0
DA:26,0
DA:27,0
DA:31,0
DA:32,0
DA:33,0
DA:34,0
DA:36,0
DA:39,0
DA:44,0
DA:49,0
DA:59,0
DA:60,0
DA:61,0
DA:65,0
DA:67,0
DA:68,0
DA:69,0
DA:72,0
DA:73,0
DA:74,0
DA:77,0
DA:78,0
DA:83,0
LF:28
LH:0
BRDA:13,0,0,0
BRDA:13,0,1,0
BRDA:26,1,0,0
BRDA:26,1,1,0
BRDA:27,2,0,0
BRDA:27,2,1,0
BRDA:32,3,0,0
BRDA:32,3,1,0
BRF:8
BRH:0
end_of_record
TN:
SF:src\layouts\MainLayout.jsx
FN:10,(anonymous_0)
FNF:1
FNH:0
FNDA:0,(anonymous_0)
DA:10,0
DA:11,0
LF:2
LH:0
BRF:0
BRH:0
end_of_record
TN:
SF:src\pages\About.jsx
FN:6,(anonymous_0)
FN:126,(anonymous_1)
FN:163,(anonymous_2)
FN:174,(anonymous_3)
FN:234,(anonymous_4)
FNF:5
FNH:0
FNDA:0,(anonymous_0)
FNDA:0,(anonymous_1)
FNDA:0,(anonymous_2)
FNDA:0,(anonymous_3)
FNDA:0,(anonymous_4)
DA:6,0
DA:7,0
DA:13,0
DA:127,0
DA:164,0
DA:175,0
DA:235,0
LF:7
LH:0
BRF:0
BRH:0
end_of_record
TN:
SF:src\pages\Contact.jsx
FN:4,(anonymous_0)
FNF:1
FNH:0
FNDA:0,(anonymous_0)
DA:4,0
DA:5,0
LF:2
LH:0
BRF:0
BRH:0
end_of_record
TN:
SF:src\pages\Demo.jsx
FN:4,(anonymous_0)
FNF:1
FNH:0
FNDA:0,(anonymous_0)
DA:4,0
DA:5,0
LF:2
LH:0
BRF:0
BRH:0
end_of_record
TN:
SF:src\pages\Home.jsx
FN:7,(anonymous_0)
FN:117,(anonymous_1)
FN:163,(anonymous_2)
FN:187,(anonymous_3)
FN:234,(anonymous_4)
FN:272,(anonymous_5)
FN:283,(anonymous_6)
FNF:7
FNH:0
FNDA:0,(anonymous_0)
FNDA:0,(anonymous_1)
FNDA:0,(anonymous_2)
FNDA:0,(anonymous_3)
FNDA:0,(anonymous_4)
FNDA:0,(anonymous_5)
FNDA:0,(anonymous_6)
DA:7,0
DA:8,0
DA:14,0
DA:22,0
DA:118,0
DA:164,0
DA:188,0
DA:235,0
DA:273,0
DA:284,0
LF:10
LH:0
BRDA:170,0,0,0
BRDA:170,0,1,0
BRDA:172,1,0,0
BRDA:172,1,1,0
BRDA:203,2,0,0
BRDA:203,2,1,0
BRF:6
BRH:0
end_of_record
TN:
SF:src\pages\Portfolio.jsx
FN:7,(anonymous_0)
FN:220,(anonymous_1)
FN:261,(anonymous_2)
FN:275,(anonymous_3)
FN:318,(anonymous_4)
FN:338,(anonymous_5)
FN:373,(anonymous_6)
FN:384,(anonymous_7)
FNF:8
FNH:0
FNDA:0,(anonymous_0)
FNDA:0,(anonymous_1)
FNDA:0,(anonymous_2)
FNDA:0,(anonymous_3)
FNDA:0,(anonymous_4)
FNDA:0,(anonymous_5)
FNDA:0,(anonymous_6)
FNDA:0,(anonymous_7)
DA:7,0
DA:8,0
DA:15,0
DA:124,0
DA:148,0
DA:221,0
DA:262,0
DA:276,0
DA:319,0
DA:339,0
DA:374,0
DA:385,0
LF:12
LH:0
BRDA:230,0,0,0
BRDA:230,0,1,0
BRDA:236,1,0,0
BRDA:236,1,1,0
BRF:4
BRH:0
end_of_record
TN:
SF:src\pages\Services.jsx
FN:6,(anonymous_0)
FN:67,(anonymous_1)
FN:96,(anonymous_2)
FN:148,(anonymous_3)
FN:186,(anonymous_4)
FN:199,(anonymous_5)
FN:244,(anonymous_6)
FN:301,(anonymous_7)
FNF:8
FNH:0
FNDA:0,(anonymous_0)
FNDA:0,(anonymous_1)
FNDA:0,(anonymous_2)
FNDA:0,(anonymous_3)
FNDA:0,(anonymous_4)
FNDA:0,(anonymous_5)
FNDA:0,(anonymous_6)
FNDA:0,(anonymous_7)
DA:6,0
DA:7,0
DA:13,0
DA:68,0
DA:97,0
DA:149,0
DA:187,0
DA:200,0
DA:245,0
DA:302,0
LF:10
LH:0
BRDA:75,0,0,0
BRDA:75,0,1,0
BRDA:78,1,0,0
BRDA:78,1,1,0
BRDA:84,2,0,0
BRDA:84,2,1,0
BRDA:115,3,0,0
BRDA:115,3,1,0
BRF:8
BRH:0
end_of_record
TN:
SF:src\services\emailService.js
FN:16,(anonymous_0)
FN:30,(anonymous_1)
FN:88,(anonymous_2)
FNF:3
FNH:0
FNDA:0,(anonymous_0)
FNDA:0,(anonymous_1)
FNDA:0,(anonymous_2)
DA:7,0
DA:16,0
DA:17,0
DA:18,0
DA:19,0
DA:21,0
DA:30,0
DA:31,0
DA:33,0
DA:34,0
DA:35,0
DA:42,0
DA:59,0
DA:66,0
DA:68,0
DA:75,0
DA:77,0
DA:88,0
DA:89,0
LF:19
LH:0
BRDA:8,0,0,0
BRDA:8,0,1,0
BRDA:9,1,0,0
BRDA:9,1,1,0
BRDA:10,2,0,0
BRDA:10,2,1,0
BRDA:17,3,0,0
BRDA:17,3,1,0
BRDA:17,4,0,0
BRDA:17,4,1,0
BRDA:33,5,0,0
BRDA:33,5,1,0
BRDA:49,6,0,0
BRDA:49,6,1,0
BRDA:50,7,0,0
BRDA:50,7,1,0
BRDA:51,8,0,0
BRDA:51,8,1,0
BRDA:52,9,0,0
BRDA:52,9,1,0
BRDA:53,10,0,0
BRDA:53,10,1,0
BRDA:54,11,0,0
BRDA:54,11,1,0
BRDA:79,12,0,0
BRDA:79,12,1,0
BRDA:79,12,2,0
BRDA:90,13,0,0
BRDA:90,13,1,0
BRDA:90,13,2,0
BRF:30
BRH:0
end_of_record
TN:
SF:src\store\store.js
FN:8,(anonymous_0)
FNF:1
FNH:0
FNDA:0,(anonymous_0)
DA:4,0
DA:9,0
LF:2
LH:0
BRF:0
BRH:0
end_of_record
TN:
SF:src\utils\mockApi.js
FN:6,(anonymous_0)
FN:8,(anonymous_1)
FN:32,(anonymous_2)
FN:33,(anonymous_3)
FNF:4
FNH:0
FNDA:0,(anonymous_0)
FNDA:0,(anonymous_1)
FNDA:0,(anonymous_2)
FNDA:0,(anonymous_3)
DA:6,0
DA:8,0
DA:11,0
DA:13,0
DA:14,0
DA:24,0
DA:32,0
DA:33,0
DA:35,0
DA:37,0
LF:10
LH:0
BRDA:13,0,0,0
BRDA:13,0,1,0
BRF:2
BRH:0
end_of_record
